<?xml version="1.0" encoding="UTF-8"?>
<!-- Generated by org.testng.reporters.JUnitReportReporter -->
<testsuite hostname="DESKTOP-OMKICC8" failures="0" tests="3" name="runners.CucumberRunner" time="15.370" errors="0" timestamp="2026-01-02T10:08:26 IST" skipped="0">
  <testcase classname="runners.CucumberRunner" name="runScenario" time="5.121"/>
  <testcase classname="runners.CucumberRunner" name="runScenario" time="4.894"/>
  <testcase classname="runners.CucumberRunner" name="runScenario" time="5.355"/>
</testsuite> <!-- runners.CucumberRunner -->
