<?xml version="1.0" encoding="UTF-8"?>
<!-- Generated by org.testng.reporters.JUnitReportReporter -->
<testsuite hostname="DESKTOP-OMKICC8" failures="0" tests="2" name="test.PurchaseFlowTest" time="27.739" errors="0" timestamp="2025-12-29T11:47:17 IST" skipped="0">
  <testcase classname="test.PurchaseFlowTest" name="testCompletePurchaseFlow" time="16.332"/>
  <testcase classname="test.PurchaseFlowTest" name="testCompletePurchaseFlow" time="11.407"/>
</testsuite> <!-- test.PurchaseFlowTest -->
