<?xml version="1.0" encoding="UTF-8"?>
<testng-results ignored="0" total="2" passed="2" failed="0" skipped="0">
  <reporter-output>
  </reporter-output>
  <suite started-at="2025-12-29T11:46:47 IST" name="Suite" finished-at="2025-12-29T11:47:16 IST" duration-ms="29207">
    <groups>
    </groups>
    <test started-at="2025-12-29T11:46:47 IST" name="Test" finished-at="2025-12-29T11:47:16 IST" duration-ms="29207">
      <class name="test.PurchaseFlowTest">
        <test-method is-config="true" signature="launchApp()[pri:0, instance:test.PurchaseFlowTest@333291e3]" started-at="2025-12-29T11:46:48 IST" name="launchApp" finished-at="2025-12-29T11:46:52 IST" duration-ms="4229" status="PASS">
          <reporter-output>
          </reporter-output>
        </test-method> <!-- launchApp -->
        <test-method signature="testCompletePurchaseFlow(java.lang.String,java.lang.String,java.lang.String,java.lang.String,java.lang.String)[pri:0, instance:test.PurchaseFlowTest@333291e3]" started-at="2025-12-29T11:46:52 IST" name="testCompletePurchaseFlow" data-provider="purchaseData" finished-at="2025-12-29T11:46:59 IST" duration-ms="6976" status="PASS">
          <params>
            <param index="0">
              <value>
                <![CDATA[standard_user]]>
              </value>
            </param>
            <param index="1">
              <value>
                <![CDATA[secret_sauce]]>
              </value>
            </param>
            <param index="2">
              <value>
                <![CDATA[Vishakha]]>
              </value>
            </param>
            <param index="3">
              <value>
                <![CDATA[Zalke]]>
              </value>
            </param>
            <param index="4">
              <value>
                <![CDATA[400705]]>
              </value>
            </param>
          </params>
          <reporter-output>
          </reporter-output>
        </test-method> <!-- testCompletePurchaseFlow -->
        <test-method is-config="true" signature="tearDown()[pri:0, instance:test.PurchaseFlowTest@333291e3]" started-at="2025-12-29T11:47:00 IST" name="tearDown" finished-at="2025-12-29T11:47:00 IST" duration-ms="275" status="PASS">
          <reporter-output>
          </reporter-output>
        </test-method> <!-- tearDown -->
        <test-method is-config="true" signature="launchApp()[pri:0, instance:test.PurchaseFlowTest@333291e3]" started-at="2025-12-29T11:47:00 IST" name="launchApp" finished-at="2025-12-29T11:47:04 IST" duration-ms="4374" status="PASS">
          <reporter-output>
          </reporter-output>
        </test-method> <!-- launchApp -->
        <test-method signature="testCompletePurchaseFlow(java.lang.String,java.lang.String,java.lang.String,java.lang.String,java.lang.String)[pri:0, instance:test.PurchaseFlowTest@333291e3]" started-at="2025-12-29T11:47:04 IST" name="testCompletePurchaseFlow" data-provider="purchaseData" finished-at="2025-12-29T11:47:16 IST" duration-ms="11683" status="PASS">
          <params>
            <param index="0">
              <value>
                <![CDATA[performance_glitch_user]]>
              </value>
            </param>
            <param index="1">
              <value>
                <![CDATA[secret_sauce]]>
              </value>
            </param>
            <param index="2">
              <value>
                <![CDATA[Rushikesh]]>
              </value>
            </param>
            <param index="3">
              <value>
                <![CDATA[Sherkar]]>
              </value>
            </param>
            <param index="4">
              <value>
                <![CDATA[400705]]>
              </value>
            </param>
          </params>
          <reporter-output>
          </reporter-output>
        </test-method> <!-- testCompletePurchaseFlow -->
        <test-method is-config="true" signature="tearDown()[pri:0, instance:test.PurchaseFlowTest@333291e3]" started-at="2025-12-29T11:47:16 IST" name="tearDown" finished-at="2025-12-29T11:47:16 IST" duration-ms="202" status="PASS">
          <reporter-output>
          </reporter-output>
        </test-method> <!-- tearDown -->
      </class> <!-- test.PurchaseFlowTest -->
    </test> <!-- Test -->
  </suite> <!-- Suite -->
</testng-results>
